生成启动时间为 2015/11/11 16:34:29。
     1>项目“D:\Doc\FDTD\2D\SSE-V3\SSE-V3\SSE-V3.vcxproj”在节点 2 上(Build 个目标)。
     1>Link:
         C:\Program Files (x86)\Microsoft Visual Studio 14.0\VC\bin\x86_amd64\link.exe /ERRORREPORT:PROMPT /OUT:"D:\Doc\FDTD\2D\SSE-V3\x64\Release\SSE-V3.exe" /NOLOGO kernel32.lib user32.lib gdi32.lib winspool.lib comdlg32.lib advapi32.lib shell32.lib ole32.lib oleaut32.lib uuid.lib odbc32.lib odbccp32.lib /MANIFEST /MANIFESTUAC:"level='asInvoker' uiAccess='false'" /manifest:embed /Debug /PDB:"D:\Doc\FDTD\2D\SSE-V3\x64\Release\SSE-V3.pdb" /SUBSYSTEM:CONSOLE /OPT:REF /OPT:ICF /LTCG:incremental /TLBID:1 /DYNAMICBASE /NXCOMPAT /IMPLIB:"D:\Doc\FDTD\2D\SSE-V3\x64\Release\SSE-V3.lib" /MACHINE:X64 /PROFILE x64\Release\Boundary.obj
         x64\Release\Compute.obj
         x64\Release\Ez.obj
         x64\Release\H.obj
         x64\Release\Input.obj
         x64\Release\MainControl.obj
         x64\Release\Save2File.obj
         x64\Release\Source.obj
         正在生成代码
         0 of 153 functions ( 0.0%) were compiled, the rest were copied from previous compilation.
           0 functions were new in current compilation
           0 functions had inline decision re-evaluated but remain unchanged
         已完成代码的生成
         SSE-V3.vcxproj -> D:\Doc\FDTD\2D\SSE-V3\x64\Release\SSE-V3.exe
     1>已完成生成项目“D:\Doc\FDTD\2D\SSE-V3\SSE-V3\SSE-V3.vcxproj”(Build 个目标)的操作。

已成功生成。

已用时间 00:00:00.67
