生成启动时间为 2015/9/20 10:44:10。
     1>项目“D:\Doc\FDTD\2D\SSE-yu\SSE-yu\SSE-yu.vcxproj”在节点 2 上(Rebuild 个目标)。
     1>ClCompile:
         C:\Program Files (x86)\Microsoft Visual Studio 14.0\VC\bin\CL.exe /c /ZI /nologo /W3 /WX- /sdl /Od /Oy- /D CODE_ANALYSIS /D _MBCS /Gm /EHsc /RTC1 /MDd /GS /fp:precise /Zc:wchar_t /Zc:forScope /Zc:inline /Fo"Debug\\" /Fd"Debug\vc140.pdb" /Gd /TP /analyze /analyze:plugin"C:\Program Files (x86)\Microsoft Visual Studio 14.0\VC\\bin\localespc.dll" /errorReport:prompt   /analyze:quiet Boundary.cpp Compute.cpp Ez.cpp H.cpp Input.cpp MainControl.cpp Save2File.cpp Source.cpp
         Source.cpp
     1>d:\doc\fdtd\2d\sse-yu\sse-yu\source.cpp(14): warning C4305: “初始化”: 从“double”到“float”截断
     1>d:\doc\fdtd\2d\sse-yu\sse-yu\source.cpp(23): warning C4305: “=”: 从“double”到“float”截断
     1>d:\doc\fdtd\2d\sse-yu\sse-yu\source.cpp(32): warning C4305: “=”: 从“double”到“float”截断
         Save2File.cpp
         MainControl.cpp
     1>d:\doc\fdtd\2d\sse-yu\sse-yu\maincontrol.cpp(14): warning C4305: “初始化”: 从“double”到“float”截断
     1>d:\doc\fdtd\2d\sse-yu\sse-yu\maincontrol.cpp(15): warning C4305: “初始化”: 从“double”到“float”截断
     1>d:\doc\fdtd\2d\sse-yu\sse-yu\maincontrol.cpp(16): warning C4305: “初始化”: 从“double”到“float”截断
         Input.cpp
     1>d:\doc\fdtd\2d\sse-yu\sse-yu\input.cpp(16): warning C4305: “初始化”: 从“double”到“float”截断
     1>d:\doc\fdtd\2d\sse-yu\sse-yu\input.cpp(26): warning C4305: “=”: 从“double”到“float”截断
         H.cpp
     1>d:\doc\fdtd\2d\sse-yu\sse-yu\h.cpp(18): warning C4305: “初始化”: 从“double”到“float”截断
     1>d:\doc\fdtd\2d\sse-yu\sse-yu\h.cpp(19): warning C4305: “初始化”: 从“double”到“float”截断
     1>d:\doc\fdtd\2d\sse-yu\sse-yu\h.cpp(40): warning C4101: “j”: 未引用的局部变量
         Ez.cpp
     1>d:\doc\fdtd\2d\sse-yu\sse-yu\ez.cpp(21): warning C4305: “初始化”: 从“double”到“float”截断
     1>d:\doc\fdtd\2d\sse-yu\sse-yu\ez.cpp(59): warning C4101: “m”: 未引用的局部变量
     1>d:\doc\fdtd\2d\sse-yu\sse-yu\ez.cpp(58): warning C4101: “N”: 未引用的局部变量
     1>d:\doc\fdtd\2d\sse-yu\sse-yu\ez.cpp(58): warning C4101: “j”: 未引用的局部变量
     1>d:\doc\fdtd\2d\sse-yu\sse-yu\ez.cpp(59): warning C4101: “n”: 未引用的局部变量
         Compute.cpp
         Boundary.cpp
     1>d:\doc\fdtd\2d\sse-yu\sse-yu\boundary.cpp(22): warning C4101: “i”: 未引用的局部变量
     1>d:\doc\fdtd\2d\sse-yu\sse-yu\boundary.cpp(110): warning C4101: “j”: 未引用的局部变量
     1>d:\doc\fdtd\2d\sse-yu\sse-yu\boundary.cpp(110): warning C4101: “i”: 未引用的局部变量
         正在运行 C/C++ 代码分析...
         正在生成代码...
       Link:
         C:\Program Files (x86)\Microsoft Visual Studio 14.0\VC\bin\link.exe /ERRORREPORT:PROMPT /OUT:"D:\Doc\FDTD\2D\SSE-yu\Debug\SSE-yu.exe" /INCREMENTAL /NOLOGO kernel32.lib user32.lib gdi32.lib winspool.lib comdlg32.lib advapi32.lib shell32.lib ole32.lib oleaut32.lib uuid.lib odbc32.lib odbccp32.lib /MANIFEST /MANIFESTUAC:"level='asInvoker' uiAccess='false'" /manifest:embed /Debug /PDB:"D:\Doc\FDTD\2D\SSE-yu\Debug\SSE-yu.pdb" /SUBSYSTEM:CONSOLE /TLBID:1 /DYNAMICBASE /NXCOMPAT /IMPLIB:"D:\Doc\FDTD\2D\SSE-yu\Debug\SSE-yu.lib" /MACHINE:X86 Debug\Boundary.obj
         Debug\Compute.obj
         Debug\Ez.obj
         Debug\H.obj
         Debug\Input.obj
         Debug\MainControl.obj
         Debug\Save2File.obj
         Debug\Source.obj
         SSE-yu.vcxproj -> D:\Doc\FDTD\2D\SSE-yu\Debug\SSE-yu.exe
     1>d:\doc\fdtd\2d\sse-yu\sse-yu\boundary.cpp(32): warning C6387: “E_nbd_left”可能是“0”: 这不符合函数“memset”的规范。
     1>d:\doc\fdtd\2d\sse-yu\sse-yu\boundary.cpp(34): warning C6387: “E_nbd_right”可能是“0”: 这不符合函数“memset”的规范。
     1>d:\doc\fdtd\2d\sse-yu\sse-yu\boundary.cpp(36): warning C6387: “E_nbd_up”可能是“0”: 这不符合函数“memset”的规范。
     1>d:\doc\fdtd\2d\sse-yu\sse-yu\boundary.cpp(41): warning C6387: “E_nbd_down”可能是“0”: 这不符合函数“memset”的规范。
     1>d:\doc\fdtd\2d\sse-yu\sse-yu\ez.cpp(38): warning C6386: 写入到“Ez”时缓冲区溢出: 可写大小为“(unsigned int)N*sizeof(float)”个字节，但可能写入了“8”个字节。
     1>d:\doc\fdtd\2d\sse-yu\sse-yu\ez.cpp(38): warning C6011: 取消对 NULL 指针“Ez”的引用。
     1>d:\doc\fdtd\2d\sse-yu\sse-yu\ez.cpp(131): warning C6001: 使用未初始化的内存“trunc”。
     1>d:\doc\fdtd\2d\sse-yu\sse-yu\ez.cpp(147): warning C6001: 使用未初始化的内存“trunc”。
     1>d:\doc\fdtd\2d\sse-yu\sse-yu\h.cpp(33): warning C6386: 写入到“Hx”时缓冲区溢出: 可写大小为“(unsigned int)N*sizeof(float)”个字节，但可能写入了“8”个字节。
     1>d:\doc\fdtd\2d\sse-yu\sse-yu\h.cpp(33): warning C6011: 取消对 NULL 指针“Hx”的引用。
     1>d:\doc\fdtd\2d\sse-yu\sse-yu\h.cpp(32): warning C6386: 写入到“Hy”时缓冲区溢出: 可写大小为“(unsigned int)N*sizeof(float)”个字节，但可能写入了“8”个字节。
     1>d:\doc\fdtd\2d\sse-yu\sse-yu\h.cpp(32): warning C6011: 取消对 NULL 指针“Hy”的引用。
     1>已完成生成项目“D:\Doc\FDTD\2D\SSE-yu\SSE-yu\SSE-yu.vcxproj”(Rebuild 个目标)的操作。

已成功生成。

已用时间 00:00:37.96
