生成启动时间为 2015/9/10 13:00:52。
     1>项目“D:\Doc\FDTD\2D\SSE\SSE\SSE.vcxproj”在节点 2 上(Build 个目标)。
     1>ClCompile:
         C:\Program Files (x86)\Microsoft Visual Studio 14.0\VC\bin\CL.exe /c /ZI /nologo /W3 /WX- /sdl /Od /Oy- /D _MBCS /Gm /EHsc /RTC1 /MDd /GS /fp:precise /Zc:wchar_t /Zc:forScope /Zc:inline /Fo"Debug\\" /Fd"Debug\vc140.pdb" /Gd /TP /analyze- /errorReport:prompt Boundary.cpp Compute.cpp Ez.cpp H.cpp Input.cpp MainControl.cpp Save2File.cpp Source.cpp
         Source.cpp
     1>d:\doc\fdtd\2d\sse\sse\source.cpp(14): warning C4305: “初始化”: 从“double”到“float”截断
     1>d:\doc\fdtd\2d\sse\sse\source.cpp(23): warning C4305: “=”: 从“double”到“float”截断
     1>d:\doc\fdtd\2d\sse\sse\source.cpp(32): warning C4305: “=”: 从“double”到“float”截断
         Save2File.cpp
         MainControl.cpp
     1>d:\doc\fdtd\2d\sse\sse\maincontrol.cpp(14): warning C4305: “初始化”: 从“double”到“float”截断
     1>d:\doc\fdtd\2d\sse\sse\maincontrol.cpp(15): warning C4305: “初始化”: 从“double”到“float”截断
     1>d:\doc\fdtd\2d\sse\sse\maincontrol.cpp(16): warning C4305: “初始化”: 从“double”到“float”截断
         Input.cpp
     1>d:\doc\fdtd\2d\sse\sse\input.cpp(16): warning C4305: “初始化”: 从“double”到“float”截断
     1>d:\doc\fdtd\2d\sse\sse\input.cpp(26): warning C4305: “=”: 从“double”到“float”截断
         H.cpp
     1>d:\doc\fdtd\2d\sse\sse\h.cpp(17): warning C4305: “初始化”: 从“double”到“float”截断
     1>d:\doc\fdtd\2d\sse\sse\h.cpp(18): warning C4305: “初始化”: 从“double”到“float”截断
     1>d:\doc\fdtd\2d\sse\sse\h.cpp(36): warning C4101: “N”: 未引用的局部变量
         Ez.cpp
     1>d:\doc\fdtd\2d\sse\sse\ez.cpp(20): warning C4305: “初始化”: 从“double”到“float”截断
     1>d:\doc\fdtd\2d\sse\sse\ez.cpp(55): warning C4101: “N”: 未引用的局部变量
         Compute.cpp
         Boundary.cpp
     1>d:\doc\fdtd\2d\sse\sse\boundary.cpp(22): warning C4101: “i”: 未引用的局部变量
     1>d:\doc\fdtd\2d\sse\sse\boundary.cpp(110): warning C4101: “j”: 未引用的局部变量
     1>d:\doc\fdtd\2d\sse\sse\boundary.cpp(110): warning C4101: “i”: 未引用的局部变量
         正在生成代码...
       Link:
         C:\Program Files (x86)\Microsoft Visual Studio 14.0\VC\bin\link.exe /ERRORREPORT:PROMPT /OUT:"D:\Doc\FDTD\2D\SSE\Debug\SSE.exe" /INCREMENTAL /NOLOGO kernel32.lib user32.lib gdi32.lib winspool.lib comdlg32.lib advapi32.lib shell32.lib ole32.lib oleaut32.lib uuid.lib odbc32.lib odbccp32.lib /MANIFEST /MANIFESTUAC:"level='asInvoker' uiAccess='false'" /manifest:embed /Debug /PDB:"D:\Doc\FDTD\2D\SSE\Debug\SSE.pdb" /TLBID:1 /DYNAMICBASE /NXCOMPAT /IMPLIB:"D:\Doc\FDTD\2D\SSE\Debug\SSE.lib" /MACHINE:X86 Debug\Boundary.obj
         Debug\Compute.obj
         Debug\Ez.obj
         Debug\H.obj
         Debug\Input.obj
         Debug\MainControl.obj
         Debug\Save2File.obj
         Debug\Source.obj
         SSE.vcxproj -> D:\Doc\FDTD\2D\SSE\Debug\SSE.exe
     1>已完成生成项目“D:\Doc\FDTD\2D\SSE\SSE\SSE.vcxproj”(Build 个目标)的操作。

已成功生成。

已用时间 00:00:08.94
