生成启动时间为 2015/10/5 7:48:49。
     1>项目“D:\Doc\FDTD\2D\SSE\SSE\SSE.vcxproj”在节点 2 上(Build 个目标)。
     1>ClCompile:
         C:\Program Files (x86)\Microsoft Visual Studio 14.0\VC\bin\x86_amd64\CL.exe /c /Zi /nologo /W3 /WX- /sdl /O2 /Oi /GL /D _MBCS /Gm- /EHsc /MD /GS /Gy /fp:precise /Zc:wchar_t /Zc:forScope /Zc:inline /Fo"x64\Release\\" /Fd"x64\Release\vc140.pdb" /Gd /TP /errorReport:prompt Input.cpp
         Input.cpp
     1>Input.cpp(16): warning C4305: “初始化”: 从“double”到“float”截断
     1>Input.cpp(26): warning C4305: “=”: 从“double”到“float”截断
       Link:
         C:\Program Files (x86)\Microsoft Visual Studio 14.0\VC\bin\x86_amd64\link.exe /ERRORREPORT:PROMPT /OUT:"D:\Doc\FDTD\2D\SSE\x64\Release\SSE.exe" /NOLOGO kernel32.lib user32.lib gdi32.lib winspool.lib comdlg32.lib advapi32.lib shell32.lib ole32.lib oleaut32.lib uuid.lib odbc32.lib odbccp32.lib /MANIFEST /MANIFESTUAC:"level='asInvoker' uiAccess='false'" /manifest:embed /Debug /PDB:"D:\Doc\FDTD\2D\SSE\x64\Release\SSE.pdb" /OPT:REF /OPT:ICF /LTCG:incremental /TLBID:1 /DYNAMICBASE /NXCOMPAT /IMPLIB:"D:\Doc\FDTD\2D\SSE\x64\Release\SSE.lib" /MACHINE:X64 /PROFILE x64\Release\Boundary.obj
         x64\Release\Compute.obj
         x64\Release\Ez.obj
         x64\Release\H.obj
         x64\Release\Input.obj
         x64\Release\MainControl.obj
         x64\Release\Save2File.obj
         x64\Release\Source.obj
         正在生成代码
         2 of 153 functions ( 1.3%) were compiled, the rest were copied from previous compilation.
           0 functions were new in current compilation
           1 functions had inline decision re-evaluated but remain unchanged
         已完成代码的生成
         SSE.vcxproj -> D:\Doc\FDTD\2D\SSE\x64\Release\SSE.exe
     1>已完成生成项目“D:\Doc\FDTD\2D\SSE\SSE\SSE.vcxproj”(Build 个目标)的操作。

已成功生成。

已用时间 00:00:01.81
