生成启动时间为 2015/9/12 10:12:19。
     1>项目“D:\Doc\FDTD\2D\SSE\SSE\SSE.vcxproj”在节点 2 上(Build 个目标)。
     1>ClCompile:
         C:\Program Files (x86)\Microsoft Visual Studio 14.0\VC\bin\x86_amd64\CL.exe /c /ZI /nologo /W3 /WX- /sdl /Od /D _MBCS /Gm /EHsc /RTC1 /MDd /GS /fp:precise /Zc:wchar_t /Zc:forScope /Zc:inline /Fo"x64\Debug\\" /Fd"x64\Debug\vc140.pdb" /Gd /TP /errorReport:prompt Ez.cpp H.cpp
         H.cpp
     1>d:\doc\fdtd\2d\sse\sse\h.cpp(17): warning C4305: “初始化”: 从“double”到“float”截断
     1>d:\doc\fdtd\2d\sse\sse\h.cpp(18): warning C4305: “初始化”: 从“double”到“float”截断
     1>d:\doc\fdtd\2d\sse\sse\h.cpp(36): warning C4101: “N”: 未引用的局部变量
         Ez.cpp
     1>d:\doc\fdtd\2d\sse\sse\ez.cpp(20): warning C4305: “初始化”: 从“double”到“float”截断
     1>d:\doc\fdtd\2d\sse\sse\ez.cpp(55): warning C4101: “N”: 未引用的局部变量
         正在生成代码...
       Link:
         C:\Program Files (x86)\Microsoft Visual Studio 14.0\VC\bin\x86_amd64\link.exe /ERRORREPORT:PROMPT /OUT:"D:\Doc\FDTD\2D\SSE\x64\Debug\SSE.exe" /INCREMENTAL /NOLOGO kernel32.lib user32.lib gdi32.lib winspool.lib comdlg32.lib advapi32.lib shell32.lib ole32.lib oleaut32.lib uuid.lib odbc32.lib odbccp32.lib /MANIFEST /MANIFESTUAC:"level='asInvoker' uiAccess='false'" /manifest:embed /Debug /PDB:"D:\Doc\FDTD\2D\SSE\x64\Debug\SSE.pdb" /TLBID:1 /DYNAMICBASE /NXCOMPAT /IMPLIB:"D:\Doc\FDTD\2D\SSE\x64\Debug\SSE.lib" /MACHINE:X64 /PROFILE x64\Debug\Boundary.obj
         x64\Debug\Compute.obj
         x64\Debug\Ez.obj
         x64\Debug\H.obj
         x64\Debug\Input.obj
         x64\Debug\MainControl.obj
         x64\Debug\Save2File.obj
         x64\Debug\Source.obj
     1>LINK : warning LNK4075: 忽略“/INCREMENTAL”(由于“/PROFILE”规范)
     1>Boundary.obj : warning LNK4075: 忽略“/EDITANDCONTINUE”(由于“/OPT:LBR”规范)
         SSE.vcxproj -> D:\Doc\FDTD\2D\SSE\x64\Debug\SSE.exe
     1>已完成生成项目“D:\Doc\FDTD\2D\SSE\SSE\SSE.vcxproj”(Build 个目标)的操作。

已成功生成。

已用时间 00:00:01.56
