d:\doc\fdtd\2d\sse-yu\sse-yu\x64\release\vc140.pdb
d:\doc\fdtd\2d\sse-yu\sse-yu\x64\release\source.obj
d:\doc\fdtd\2d\sse-yu\sse-yu\x64\release\save2file.obj
d:\doc\fdtd\2d\sse-yu\sse-yu\x64\release\maincontrol.obj
d:\doc\fdtd\2d\sse-yu\sse-yu\x64\release\input.obj
d:\doc\fdtd\2d\sse-yu\sse-yu\x64\release\h.obj
d:\doc\fdtd\2d\sse-yu\sse-yu\x64\release\ez.obj
d:\doc\fdtd\2d\sse-yu\sse-yu\x64\release\compute.obj
d:\doc\fdtd\2d\sse-yu\sse-yu\x64\release\boundary.obj
d:\doc\fdtd\2d\sse-yu\x64\release\sse-yu.exe
d:\doc\fdtd\2d\sse-yu\x64\release\sse-yu.ipdb
d:\doc\fdtd\2d\sse-yu\x64\release\sse-yu.iobj
d:\doc\fdtd\2d\sse-yu\x64\release\sse-yu.pdb
d:\doc\fdtd\2d\sse-new\sse-yu\x64\release\boundary.obj
d:\doc\fdtd\2d\sse-new\sse-yu\x64\release\compute.obj
d:\doc\fdtd\2d\sse-new\sse-yu\x64\release\ez.obj
d:\doc\fdtd\2d\sse-new\sse-yu\x64\release\h.obj
d:\doc\fdtd\2d\sse-new\sse-yu\x64\release\input.obj
d:\doc\fdtd\2d\sse-new\sse-yu\x64\release\maincontrol.obj
d:\doc\fdtd\2d\sse-new\sse-yu\x64\release\save2file.obj
d:\doc\fdtd\2d\sse-new\sse-yu\x64\release\source.obj
d:\doc\fdtd\2d\sse-new\sse-yu\x64\release\vc140.pdb
d:\doc\fdtd\2d\sse-new\x64\release\sse-yu.pdb
d:\doc\fdtd\2d\sse-new\x64\release\sse-yu.exe
d:\doc\fdtd\2d\sse-new\sse-yu\x64\release\sse-yu.tlog\cl.command.1.tlog
d:\doc\fdtd\2d\sse-new\sse-yu\x64\release\sse-yu.tlog\cl.read.1.tlog
d:\doc\fdtd\2d\sse-new\sse-yu\x64\release\sse-yu.tlog\cl.write.1.tlog
d:\doc\fdtd\2d\sse-new\sse-yu\x64\release\sse-yu.tlog\link.command.1.tlog
d:\doc\fdtd\2d\sse-new\sse-yu\x64\release\sse-yu.tlog\link.read.1.tlog
d:\doc\fdtd\2d\sse-new\sse-yu\x64\release\sse-yu.tlog\link.write.1.tlog
