生成启动时间为 2015/11/11 16:41:53。
     1>项目“D:\Doc\FDTD\2D\SSE-V2\SSE-yu\SSE-yu.vcxproj”在节点 2 上(Build 个目标)。
     1>ClCompile:
         C:\Program Files (x86)\Microsoft Visual Studio 14.0\VC\bin\x86_amd64\CL.exe /c /Zi /nologo /W3 /WX- /sdl /O2 /Oi /GL /D _MBCS /Gm- /EHsc /MD /GS /Gy /fp:precise /Zc:wchar_t /Zc:forScope /Zc:inline /Fo"x64\Release\\" /Fd"x64\Release\vc140.pdb" /Gd /TP /errorReport:prompt MainControl.cpp
         MainControl.cpp
     1>MainControl.cpp(14): warning C4305: “初始化”: 从“double”到“float”截断
     1>MainControl.cpp(15): warning C4305: “初始化”: 从“double”到“float”截断
     1>MainControl.cpp(16): warning C4305: “初始化”: 从“double”到“float”截断
       Link:
         C:\Program Files (x86)\Microsoft Visual Studio 14.0\VC\bin\x86_amd64\link.exe /ERRORREPORT:PROMPT /OUT:"D:\Doc\FDTD\2D\SSE-V2\x64\Release\SSE-new.exe" /NOLOGO kernel32.lib user32.lib gdi32.lib winspool.lib comdlg32.lib advapi32.lib shell32.lib ole32.lib oleaut32.lib uuid.lib odbc32.lib odbccp32.lib /MANIFEST /MANIFESTUAC:"level='asInvoker' uiAccess='false'" /manifest:embed /Debug /PDB:"D:\Doc\FDTD\2D\SSE-V2\x64\Release\SSE-new.pdb" /SUBSYSTEM:CONSOLE /OPT:REF /OPT:ICF /LTCG:incremental /TLBID:1 /DYNAMICBASE /NXCOMPAT /IMPLIB:"D:\Doc\FDTD\2D\SSE-V2\x64\Release\SSE-new.lib" /MACHINE:X64 /PROFILE x64\Release\Boundary.obj
         x64\Release\Compute.obj
         x64\Release\Ez.obj
         x64\Release\H.obj
         x64\Release\Input.obj
         x64\Release\MainControl.obj
         x64\Release\Save2File.obj
         x64\Release\Source.obj
         正在生成代码
         40 of 153 functions (26.1%) were compiled, the rest were copied from previous compilation.
           0 functions were new in current compilation
           0 functions had inline decision re-evaluated but remain unchanged
         已完成代码的生成
         SSE-yu.vcxproj -> D:\Doc\FDTD\2D\SSE-V2\x64\Release\SSE-new.exe
     1>已完成生成项目“D:\Doc\FDTD\2D\SSE-V2\SSE-yu\SSE-yu.vcxproj”(Build 个目标)的操作。

已成功生成。

已用时间 00:00:01.10
